# JRE version: Java(TM) SE Runtime Environment (8.0_191-b12) (build 1.8.0_191-b12)
# Java VM: Java HotSpot(TM) 64-Bit Server VM (25.191-b12 mixed mode linux-amd64 compressed oops)
Heap:
 PSYoungGen      total 152064K, used 135726K [0x00000000f5580000, 0x0000000100000000, 0x0000000100000000)
  eden space 129536K, 97% used [0x00000000f5580000,0x00000000fd0539c0,0x00000000fd400000)
  from space 22528K, 44% used [0x00000000fd400000,0x00000000fddb8000,0x00000000fea00000)
  to   space 21504K, 0% used [0x00000000feb00000,0x00000000feb00000,0x0000000100000000)
 ParOldGen       total 94208K, used 46626K [0x00000000e0000000, 0x00000000e5c00000, 0x00000000f5580000)
  object space 94208K, 49% used [0x00000000e0000000,0x00000000e2d88a38,0x00000000e5c00000)
 Metaspace       used 42128K, capacity 42914K, committed 43264K, reserved 1087488K
  class space    used 5795K, capacity 6068K, committed 6144K, reserved 1048576K
GC Heap History (10 events):
Event: 10.350 GC heap before
{Heap before GC invocations=9 (full 2):
 PSYoungGen      total 135680K, used 11091K [0x00000000f5580000, 0x0000000100000000, 0x0000000100000000)
  eden space 123392K, 0% used [0x00000000f5580000,0x00000000f5580000,0x00000000fce00000)
  from space 12288K, 90% used [0x00000000fce00000,0x00000000fd8d4d30,0x00000000fda00000)
  to   space 13312K, 0% used [0x00000000ff300000,0x00000000ff300000,0x0000000100000000)
 ParOldGen       total 61440K, used 10915K [0x00000000e0000000, 0x00000000e3c00000, 0x00000000f5580000)
  object space 61440K, 17% used [0x00000000e0000000,0x00000000e0aa8c70,0x00000000e3c00000)
 Metaspace       used 34620K, capacity 35198K, committed 35496K, reserved 1079296K
  class space    used 4769K, capacity 4998K, committed 5120K, reserved 1048576K
Event: 10.423 GC heap after
Heap after GC invocations=9 (full 2):
 PSYoungGen      total 135680K, used 0K [0x00000000f5580000, 0x0000000100000000, 0x0000000100000000)
  eden space 123392K, 0% used [0x00000000f5580000,0x00000000f5580000,0x00000000fce00000)
  from space 12288K, 0% used [0x00000000fce00000,0x00000000fce00000,0x00000000fda00000)
  to   space 13312K, 0% used [0x00000000ff300000,0x00000000ff300000,0x0000000100000000)
 ParOldGen       total 94208K, used 18878K [0x00000000e0000000, 0x00000000e5c00000, 0x00000000f5580000)
  object space 94208K, 20% used [0x00000000e0000000,0x00000000e126fad0,0x00000000e5c00000)
 Metaspace       used 34620K, capacity 35198K, committed 35496K, reserved 1079296K
  class space    used 4769K, capacity 4998K, committed 5120K, reserved 1048576K
}
Event: 11.768 GC heap before
{Heap before GC invocations=10 (full 2):
 PSYoungGen      total 135680K, used 123392K [0x00000000f5580000, 0x0000000100000000, 0x0000000100000000)
  eden space 123392K, 100% used [0x00000000f5580000,0x00000000fce00000,0x00000000fce00000)
  from space 12288K, 0% used [0x00000000fce00000,0x00000000fce00000,0x00000000fda00000)
  to   space 13312K, 0% used [0x00000000ff300000,0x00000000ff300000,0x0000000100000000)
 ParOldGen       total 94208K, used 18878K [0x00000000e0000000, 0x00000000e5c00000, 0x00000000f5580000)
  object space 94208K, 20% used [0x00000000e0000000,0x00000000e126fad0,0x00000000e5c00000)
 Metaspace       used 37936K, capacity 38724K, committed 38912K, reserved 1083392K
  class space    used 5321K, capacity 5589K, committed 5632K, reserved 1048576K
Event: 11.784 GC heap after
Heap after GC invocations=10 (full 2):
 PSYoungGen      total 156160K, used 13290K [0x00000000f5580000, 0x0000000100000000, 0x0000000100000000)
  eden space 142848K, 0% used [0x00000000f5580000,0x00000000f5580000,0x00000000fe100000)
  from space 13312K, 99% used [0x00000000ff300000,0x00000000ffffa9d8,0x0000000100000000)
  to   space 15872K, 0% used [0x00000000fe100000,0x00000000fe100000,0x00000000ff080000)
 ParOldGen       total 94208K, used 20737K [0x00000000e0000000, 0x00000000e5c00000, 0x00000000f5580000)
  object space 94208K, 22% used [0x00000000e0000000,0x00000000e14405e0,0x00000000e5c00000)
 Metaspace       used 37936K, capacity 38724K, committed 38912K, reserved 1083392K
  class space    used 5321K, capacity 5589K, committed 5632K, reserved 1048576K
}
Event: 13.070 GC heap before
{Heap before GC invocations=11 (full 2):
 PSYoungGen      total 156160K, used 156138K [0x00000000f5580000, 0x0000000100000000, 0x0000000100000000)
  eden space 142848K, 100% used [0x00000000f5580000,0x00000000fe100000,0x00000000fe100000)
  from space 13312K, 99% used [0x00000000ff300000,0x00000000ffffa9d8,0x0000000100000000)
  to   space 15872K, 0% used [0x00000000fe100000,0x00000000fe100000,0x00000000ff080000)
 ParOldGen       total 94208K, used 20737K [0x00000000e0000000, 0x00000000e5c00000, 0x00000000f5580000)
  object space 94208K, 22% used [0x00000000e0000000,0x00000000e14405e0,0x00000000e5c00000)
 Metaspace       used 41195K, capacity 41936K, committed 42112K, reserved 1085440K
  class space    used 5761K, capacity 6001K, committed 6016K, reserved 1048576K
Event: 13.089 GC heap after
Heap after GC invocations=11 (full 2):
 PSYoungGen      total 158720K, used 15840K [0x00000000f5580000, 0x0000000100000000, 0x0000000100000000)
  eden space 142848K, 0% used [0x00000000f5580000,0x00000000f5580000,0x00000000fe100000)
  from space 15872K, 99% used [0x00000000fe100000,0x00000000ff078040,0x00000000ff080000)
  to   space 15872K, 0% used [0x00000000ff080000,0x00000000ff080000,0x0000000100000000)
 ParOldGen       total 94208K, used 30491K [0x00000000e0000000, 0x00000000e5c00000, 0x00000000f5580000)
  object space 94208K, 32% used [0x00000000e0000000,0x00000000e1dc6f88,0x00000000e5c00000)
 Metaspace       used 41195K, capacity 41936K, committed 42112K, reserved 1085440K
  class space    used 5761K, capacity 6001K, committed 6016K, reserved 1048576K
}
Event: 13.561 GC heap before
{Heap before GC invocations=12 (full 2):
 PSYoungGen      total 158720K, used 158688K [0x00000000f5580000, 0x0000000100000000, 0x0000000100000000)
  eden space 142848K, 100% used [0x00000000f5580000,0x00000000fe100000,0x00000000fe100000)
  from space 15872K, 99% used [0x00000000fe100000,0x00000000ff078040,0x00000000ff080000)
  to   space 15872K, 0% used [0x00000000ff080000,0x00000000ff080000,0x0000000100000000)
 ParOldGen       total 94208K, used 30491K [0x00000000e0000000, 0x00000000e5c00000, 0x00000000f5580000)
  object space 94208K, 32% used [0x00000000e0000000,0x00000000e1dc6f88,0x00000000e5c00000)
 Metaspace       used 41325K, capacity 42128K, committed 42368K, reserved 1085440K
  class space    used 5768K, capacity 6001K, committed 6016K, reserved 1048576K
Event: 13.586 GC heap after
Heap after GC invocations=12 (full 2):
 PSYoungGen      total 145408K, used 14704K [0x00000000f5580000, 0x0000000100000000, 0x0000000100000000)
  eden space 129536K, 0% used [0x00000000f5580000,0x00000000f5580000,0x00000000fd400000)
  from space 15872K, 92% used [0x00000000ff080000,0x00000000ffedc050,0x0000000100000000)
  to   space 22528K, 0% used [0x00000000fd400000,0x00000000fd400000,0x00000000fea00000)
 ParOldGen       total 94208K, used 39630K [0x00000000e0000000, 0x00000000e5c00000, 0x00000000f5580000)
  object space 94208K, 42% used [0x00000000e0000000,0x00000000e26b3918,0x00000000e5c00000)
 Metaspace       used 41325K, capacity 42128K, committed 42368K, reserved 1085440K
  class space    used 5768K, capacity 6001K, committed 6016K, reserved 1048576K
}
Event: 14.357 GC heap before
{Heap before GC invocations=13 (full 2):
 PSYoungGen      total 145408K, used 144240K [0x00000000f5580000, 0x0000000100000000, 0x0000000100000000)
  eden space 129536K, 100% used [0x00000000f5580000,0x00000000fd400000,0x00000000fd400000)
  from space 15872K, 92% used [0x00000000ff080000,0x00000000ffedc050,0x0000000100000000)
  to   space 22528K, 0% used [0x00000000fd400000,0x00000000fd400000,0x00000000fea00000)
 ParOldGen       total 94208K, used 39630K [0x00000000e0000000, 0x00000000e5c00000, 0x00000000f5580000)
  object space 94208K, 42% used [0x00000000e0000000,0x00000000e26b3918,0x00000000e5c00000)
 Metaspace       used 41617K, capacity 42480K, committed 42752K, reserved 1085440K
  class space    used 5770K, capacity 6033K, committed 6144K, reserved 1048576K
Event: 14.380 GC heap after
Heap after GC invocations=13 (full 2):
 PSYoungGen      total 152064K, used 9952K [0x00000000f5580000, 0x0000000100000000, 0x0000000100000000)
  eden space 129536K, 0% used [0x00000000f5580000,0x00000000f5580000,0x00000000fd400000)
  from space 22528K, 44% used [0x00000000fd400000,0x00000000fddb8000,0x00000000fea00000)
  to   space 21504K, 0% used [0x00000000feb00000,0x00000000feb00000,0x0000000100000000)
 ParOldGen       total 94208K, used 46626K [0x00000000e0000000, 0x00000000e5c00000, 0x00000000f5580000)
  object space 94208K, 49% used [0x00000000e0000000,0x00000000e2d88a38,0x00000000e5c00000)
 Metaspace       used 41617K, capacity 42480K, committed 42752K, reserved 1085440K
  class space    used 5770K, capacity 6033K, committed 6144K, reserved 1048576K
}

